mode: set
auth/pkg/service/v1/flairs-service.go:31.137,37.2 1 1
auth/pkg/service/v1/flairs-service.go:40.52,41.91 1 1
auth/pkg/service/v1/flairs-service.go:44.2,44.12 1 1
auth/pkg/service/v1/flairs-service.go:41.91,43.3 1 1
auth/pkg/service/v1/flairs-service.go:49.40,53.24 3 1
auth/pkg/service/v1/flairs-service.go:63.2,66.16 3 0
auth/pkg/service/v1/flairs-service.go:70.2,72.14 2 0
auth/pkg/service/v1/flairs-service.go:76.2,76.25 1 0
auth/pkg/service/v1/flairs-service.go:79.2,79.13 1 0
auth/pkg/service/v1/flairs-service.go:53.24,55.17 2 1
auth/pkg/service/v1/flairs-service.go:58.3,58.18 1 1
auth/pkg/service/v1/flairs-service.go:55.17,57.4 1 0
auth/pkg/service/v1/flairs-service.go:58.18,61.4 2 1
auth/pkg/service/v1/flairs-service.go:66.16,68.3 1 0
auth/pkg/service/v1/flairs-service.go:72.14,74.3 1 0
auth/pkg/service/v1/flairs-service.go:76.25,78.3 1 0
auth/pkg/service/v1/flairs-service.go:82.42,84.21 2 1
auth/pkg/service/v1/flairs-service.go:87.2,87.46 1 1
auth/pkg/service/v1/flairs-service.go:84.21,86.3 1 0
auth/pkg/service/v1/flairs-user-service.go:28.122,29.39 1 1
auth/pkg/service/v1/flairs-user-service.go:33.2,36.66 2 1
auth/pkg/service/v1/flairs-user-service.go:41.2,46.18 4 1
auth/pkg/service/v1/flairs-user-service.go:51.2,56.16 4 1
auth/pkg/service/v1/flairs-user-service.go:61.2,63.16 3 1
auth/pkg/service/v1/flairs-user-service.go:66.2,67.16 2 1
auth/pkg/service/v1/flairs-user-service.go:71.2,81.8 3 1
auth/pkg/service/v1/flairs-user-service.go:29.39,31.3 1 1
auth/pkg/service/v1/flairs-user-service.go:36.66,38.3 1 1
auth/pkg/service/v1/flairs-user-service.go:46.18,48.3 1 1
auth/pkg/service/v1/flairs-user-service.go:56.16,58.3 1 0
auth/pkg/service/v1/flairs-user-service.go:63.16,65.3 1 0
auth/pkg/service/v1/flairs-user-service.go:67.16,69.3 1 0
auth/pkg/service/v1/flairs-user-service.go:84.111,88.17 2 1
auth/pkg/service/v1/flairs-user-service.go:92.2,92.31 1 1
auth/pkg/service/v1/flairs-user-service.go:95.2,97.30 2 1
auth/pkg/service/v1/flairs-user-service.go:101.2,102.16 2 1
auth/pkg/service/v1/flairs-user-service.go:106.2,117.16 5 1
auth/pkg/service/v1/flairs-user-service.go:121.2,129.17 2 1
auth/pkg/service/v1/flairs-user-service.go:88.17,90.3 1 0
auth/pkg/service/v1/flairs-user-service.go:92.31,94.3 1 0
auth/pkg/service/v1/flairs-user-service.go:97.30,99.3 1 0
auth/pkg/service/v1/flairs-user-service.go:102.16,104.3 1 0
auth/pkg/service/v1/flairs-user-service.go:117.16,119.3 1 0
auth/pkg/service/v1/flairs-user-service.go:132.122,134.2 1 0
auth/pkg/service/v1/flairs-user-service.go:136.128,139.16 3 0
auth/pkg/service/v1/flairs-user-service.go:143.2,144.30 2 0
auth/pkg/service/v1/flairs-user-service.go:148.2,163.16 6 0
auth/pkg/service/v1/flairs-user-service.go:166.2,169.8 1 0
auth/pkg/service/v1/flairs-user-service.go:139.16,141.3 1 0
auth/pkg/service/v1/flairs-user-service.go:144.30,146.3 1 0
auth/pkg/service/v1/flairs-user-service.go:163.16,165.3 1 0
auth/pkg/service/v1/flairs-user-service.go:172.134,175.16 3 0
auth/pkg/service/v1/flairs-user-service.go:178.2,179.31 2 0
auth/pkg/service/v1/flairs-user-service.go:183.2,193.16 5 0
auth/pkg/service/v1/flairs-user-service.go:196.2,199.8 1 0
auth/pkg/service/v1/flairs-user-service.go:175.16,177.3 1 0
auth/pkg/service/v1/flairs-user-service.go:179.31,181.3 1 0
auth/pkg/service/v1/flairs-user-service.go:193.16,195.3 1 0
auth/pkg/service/v1/flairs-user-service.go:202.124,205.9 3 1
auth/pkg/service/v1/flairs-user-service.go:208.2,209.25 2 1
auth/pkg/service/v1/flairs-user-service.go:213.2,214.16 2 1
auth/pkg/service/v1/flairs-user-service.go:217.2,217.17 1 1
auth/pkg/service/v1/flairs-user-service.go:221.2,221.44 1 1
auth/pkg/service/v1/flairs-user-service.go:244.2,244.80 1 0
auth/pkg/service/v1/flairs-user-service.go:205.9,207.3 1 0
auth/pkg/service/v1/flairs-user-service.go:209.25,211.3 1 0
auth/pkg/service/v1/flairs-user-service.go:214.16,216.3 1 0
auth/pkg/service/v1/flairs-user-service.go:217.17,219.3 1 0
auth/pkg/service/v1/flairs-user-service.go:221.44,224.17 3 1
auth/pkg/service/v1/flairs-user-service.go:228.3,229.17 2 1
auth/pkg/service/v1/flairs-user-service.go:232.3,233.17 2 1
auth/pkg/service/v1/flairs-user-service.go:236.3,242.18 3 1
auth/pkg/service/v1/flairs-user-service.go:224.17,226.4 1 0
auth/pkg/service/v1/flairs-user-service.go:229.17,231.4 1 0
auth/pkg/service/v1/flairs-user-service.go:233.17,235.4 1 0
auth/pkg/service/v1/flairs-user-service.go:247.129,251.9 3 1
auth/pkg/service/v1/flairs-user-service.go:254.2,255.25 2 1
auth/pkg/service/v1/flairs-user-service.go:259.2,262.16 3 1
auth/pkg/service/v1/flairs-user-service.go:269.2,271.16 2 1
auth/pkg/service/v1/flairs-user-service.go:275.2,275.29 1 1
auth/pkg/service/v1/flairs-user-service.go:279.2,285.16 5 1
auth/pkg/service/v1/flairs-user-service.go:288.2,292.17 2 1
auth/pkg/service/v1/flairs-user-service.go:251.9,253.3 1 0
auth/pkg/service/v1/flairs-user-service.go:255.25,257.3 1 0
auth/pkg/service/v1/flairs-user-service.go:262.16,263.37 1 0
auth/pkg/service/v1/flairs-user-service.go:267.3,267.98 1 0
auth/pkg/service/v1/flairs-user-service.go:263.37,266.4 1 0
auth/pkg/service/v1/flairs-user-service.go:271.16,273.3 1 0
auth/pkg/service/v1/flairs-user-service.go:275.29,277.3 1 0
auth/pkg/service/v1/flairs-user-service.go:285.16,287.3 1 0
auth/pkg/service/v1/flairs-user-service.go:295.128,300.16 3 1
auth/pkg/service/v1/flairs-user-service.go:303.2,303.17 1 1
auth/pkg/service/v1/flairs-user-service.go:307.2,307.40 1 1
auth/pkg/service/v1/flairs-user-service.go:345.2,348.8 1 1
auth/pkg/service/v1/flairs-user-service.go:300.16,302.3 1 0
auth/pkg/service/v1/flairs-user-service.go:303.17,305.3 1 0
auth/pkg/service/v1/flairs-user-service.go:307.40,310.17 3 1
auth/pkg/service/v1/flairs-user-service.go:314.3,316.17 2 1
auth/pkg/service/v1/flairs-user-service.go:319.3,340.36 7 1
auth/pkg/service/v1/flairs-user-service.go:310.17,312.4 1 0
auth/pkg/service/v1/flairs-user-service.go:316.17,318.4 1 0
auth/pkg/service/v1/flairs-user-service.go:341.8,343.3 1 1
