mode: set
auth/pkg/service/v1/flairs-service.go:26.105,28.2 1 1
auth/pkg/service/v1/flairs-service.go:31.58,33.18 1 0
auth/pkg/service/v1/flairs-service.go:39.2,39.12 1 0
auth/pkg/service/v1/flairs-service.go:33.18,34.24 1 0
auth/pkg/service/v1/flairs-service.go:34.24,37.4 1 0
auth/pkg/service/v1/flairs-service.go:43.78,45.16 2 0
auth/pkg/service/v1/flairs-service.go:48.2,48.15 1 0
auth/pkg/service/v1/flairs-service.go:45.16,47.3 1 0
auth/pkg/service/v1/flairs-user-service.go:19.122,23.66 2 1
auth/pkg/service/v1/flairs-user-service.go:28.2,33.18 4 1
auth/pkg/service/v1/flairs-user-service.go:38.2,43.16 4 1
auth/pkg/service/v1/flairs-user-service.go:48.2,51.16 4 1
auth/pkg/service/v1/flairs-user-service.go:54.2,55.16 2 1
auth/pkg/service/v1/flairs-user-service.go:62.2,65.8 1 1
auth/pkg/service/v1/flairs-user-service.go:23.66,25.3 1 1
auth/pkg/service/v1/flairs-user-service.go:33.18,35.3 1 1
auth/pkg/service/v1/flairs-user-service.go:43.16,45.3 1 0
auth/pkg/service/v1/flairs-user-service.go:51.16,53.3 1 0
auth/pkg/service/v1/flairs-user-service.go:55.16,57.3 1 0
auth/pkg/service/v1/flairs-user-service.go:68.111,71.2 1 0
auth/pkg/service/v1/flairs-user-service.go:73.122,75.2 1 0
auth/pkg/service/v1/flairs-user-service.go:77.128,79.2 1 0
auth/pkg/service/v1/flairs-user-service.go:81.124,85.2 3 0
auth/pkg/service/v1/flairs-user-service.go:87.128,92.16 3 0
auth/pkg/service/v1/flairs-user-service.go:95.2,95.17 1 0
auth/pkg/service/v1/flairs-user-service.go:99.2,99.40 1 0
auth/pkg/service/v1/flairs-user-service.go:116.2,120.8 1 0
auth/pkg/service/v1/flairs-user-service.go:92.16,94.3 1 0
auth/pkg/service/v1/flairs-user-service.go:95.17,97.3 1 0
auth/pkg/service/v1/flairs-user-service.go:99.40,102.17 3 0
auth/pkg/service/v1/flairs-user-service.go:106.3,108.17 2 0
auth/pkg/service/v1/flairs-user-service.go:111.3,111.65 1 0
auth/pkg/service/v1/flairs-user-service.go:102.17,104.4 1 0
auth/pkg/service/v1/flairs-user-service.go:108.17,110.4 1 0
auth/pkg/service/v1/flairs-user-service.go:113.8,115.3 1 0
