mode: set
auth/pkg/service/v1/flairs-service.go:26.105,28.2 1 1
auth/pkg/service/v1/flairs-service.go:31.58,33.18 1 0
auth/pkg/service/v1/flairs-service.go:39.2,39.12 1 0
auth/pkg/service/v1/flairs-service.go:33.18,34.24 1 0
auth/pkg/service/v1/flairs-service.go:34.24,37.4 1 0
auth/pkg/service/v1/flairs-service.go:43.78,45.16 2 0
auth/pkg/service/v1/flairs-service.go:48.2,48.15 1 0
auth/pkg/service/v1/flairs-service.go:45.16,47.3 1 0
auth/pkg/service/v1/flairs-user-service.go:19.122,20.38 1 1
auth/pkg/service/v1/flairs-user-service.go:24.2,27.66 2 1
auth/pkg/service/v1/flairs-user-service.go:32.2,37.18 4 1
auth/pkg/service/v1/flairs-user-service.go:42.2,47.16 4 1
auth/pkg/service/v1/flairs-user-service.go:52.2,55.16 4 1
auth/pkg/service/v1/flairs-user-service.go:58.2,59.16 2 1
auth/pkg/service/v1/flairs-user-service.go:66.2,69.8 1 1
auth/pkg/service/v1/flairs-user-service.go:20.38,22.3 1 1
auth/pkg/service/v1/flairs-user-service.go:27.66,29.3 1 1
auth/pkg/service/v1/flairs-user-service.go:37.18,39.3 1 1
auth/pkg/service/v1/flairs-user-service.go:47.16,49.3 1 0
auth/pkg/service/v1/flairs-user-service.go:55.16,57.3 1 0
auth/pkg/service/v1/flairs-user-service.go:59.16,61.3 1 0
auth/pkg/service/v1/flairs-user-service.go:72.111,75.2 1 0
auth/pkg/service/v1/flairs-user-service.go:77.122,79.2 1 0
auth/pkg/service/v1/flairs-user-service.go:81.128,83.2 1 0
auth/pkg/service/v1/flairs-user-service.go:85.124,89.2 3 0
auth/pkg/service/v1/flairs-user-service.go:91.128,96.16 3 1
auth/pkg/service/v1/flairs-user-service.go:99.2,99.17 1 1
auth/pkg/service/v1/flairs-user-service.go:103.2,103.40 1 1
auth/pkg/service/v1/flairs-user-service.go:120.2,124.8 1 1
auth/pkg/service/v1/flairs-user-service.go:96.16,98.3 1 0
auth/pkg/service/v1/flairs-user-service.go:99.17,101.3 1 0
auth/pkg/service/v1/flairs-user-service.go:103.40,106.17 3 1
auth/pkg/service/v1/flairs-user-service.go:110.3,112.17 2 1
auth/pkg/service/v1/flairs-user-service.go:106.17,108.4 1 0
auth/pkg/service/v1/flairs-user-service.go:112.17,114.4 1 0
auth/pkg/service/v1/flairs-user-service.go:117.8,119.3 1 1
