mode: set
wallet/pkg/service/v1/flairs-wallet.go:31.83,33.2 1 1
wallet/pkg/service/v1/flairs-wallet.go:36.52,37.91 1 1
wallet/pkg/service/v1/flairs-wallet.go:40.2,40.12 1 1
wallet/pkg/service/v1/flairs-wallet.go:37.91,39.3 1 1
wallet/pkg/service/v1/flairs-wallet.go:43.121,46.9 2 1
wallet/pkg/service/v1/flairs-wallet.go:49.2,50.25 2 1
wallet/pkg/service/v1/flairs-wallet.go:54.2,57.16 3 1
wallet/pkg/service/v1/flairs-wallet.go:65.2,65.33 1 1
wallet/pkg/service/v1/flairs-wallet.go:69.2,85.16 4 1
wallet/pkg/service/v1/flairs-wallet.go:90.2,92.8 1 1
wallet/pkg/service/v1/flairs-wallet.go:46.9,48.3 1 1
wallet/pkg/service/v1/flairs-wallet.go:50.25,52.3 1 1
wallet/pkg/service/v1/flairs-wallet.go:57.16,58.37 1 1
wallet/pkg/service/v1/flairs-wallet.go:62.3,62.31 1 1
wallet/pkg/service/v1/flairs-wallet.go:58.37,61.4 1 0
wallet/pkg/service/v1/flairs-wallet.go:65.33,67.3 1 1
wallet/pkg/service/v1/flairs-wallet.go:85.16,87.3 1 0
wallet/pkg/service/v1/flairs-wallet.go:96.118,99.9 2 0
wallet/pkg/service/v1/flairs-wallet.go:102.2,103.25 2 0
wallet/pkg/service/v1/flairs-wallet.go:107.2,111.16 3 0
wallet/pkg/service/v1/flairs-wallet.go:119.2,119.40 1 0
wallet/pkg/service/v1/flairs-wallet.go:123.2,123.17 1 0
wallet/pkg/service/v1/flairs-wallet.go:99.9,101.3 1 0
wallet/pkg/service/v1/flairs-wallet.go:103.25,105.3 1 0
wallet/pkg/service/v1/flairs-wallet.go:111.16,112.37 1 0
wallet/pkg/service/v1/flairs-wallet.go:116.3,116.73 1 0
wallet/pkg/service/v1/flairs-wallet.go:112.37,115.4 1 0
wallet/pkg/service/v1/flairs-wallet.go:119.40,121.3 1 0
wallet/pkg/service/v1/flairs-wallet.go:126.117,130.9 2 1
wallet/pkg/service/v1/flairs-wallet.go:133.2,134.25 2 0
wallet/pkg/service/v1/flairs-wallet.go:138.2,142.16 3 0
wallet/pkg/service/v1/flairs-wallet.go:150.2,152.31 2 0
wallet/pkg/service/v1/flairs-wallet.go:156.2,156.16 1 0
wallet/pkg/service/v1/flairs-wallet.go:159.2,170.8 1 0
wallet/pkg/service/v1/flairs-wallet.go:130.9,132.3 1 1
wallet/pkg/service/v1/flairs-wallet.go:134.25,136.3 1 0
wallet/pkg/service/v1/flairs-wallet.go:142.16,143.37 1 0
wallet/pkg/service/v1/flairs-wallet.go:147.3,147.73 1 0
wallet/pkg/service/v1/flairs-wallet.go:143.37,146.4 1 0
wallet/pkg/service/v1/flairs-wallet.go:152.31,154.3 1 0
wallet/pkg/service/v1/flairs-wallet.go:156.16,158.3 1 0
wallet/pkg/service/v1/flairs-wallet.go:173.122,176.9 2 0
wallet/pkg/service/v1/flairs-wallet.go:179.2,180.25 2 0
wallet/pkg/service/v1/flairs-wallet.go:184.2,188.16 3 0
wallet/pkg/service/v1/flairs-wallet.go:196.2,196.33 1 0
wallet/pkg/service/v1/flairs-wallet.go:200.2,201.16 2 0
wallet/pkg/service/v1/flairs-wallet.go:205.2,207.24 2 0
wallet/pkg/service/v1/flairs-wallet.go:211.2,211.17 1 0
wallet/pkg/service/v1/flairs-wallet.go:176.9,178.3 1 0
wallet/pkg/service/v1/flairs-wallet.go:180.25,182.3 1 0
wallet/pkg/service/v1/flairs-wallet.go:188.16,189.37 1 0
wallet/pkg/service/v1/flairs-wallet.go:193.3,193.73 1 0
wallet/pkg/service/v1/flairs-wallet.go:189.37,192.4 1 0
wallet/pkg/service/v1/flairs-wallet.go:196.33,198.3 1 0
wallet/pkg/service/v1/flairs-wallet.go:201.16,203.3 1 0
wallet/pkg/service/v1/flairs-wallet.go:207.24,209.3 1 0
